_06-13-2018_ 15:23:57 log cocos2d: fullPathForFilename: No file found at config.json. Possible missing file.
_06-13-2018_ 15:23:57 log cocos2d: fullPathForFilename: No file found at config.json. Possible missing file.
_06-13-2018_ 15:23:57 log Get data from file(config.json) failed, error code is 3
_06-13-2018_ 15:23:57 log SCREEN DPI = 96, SCREEN SCALE = 1.00
_06-13-2018_ 15:23:58 log Ready for GLSL
_06-13-2018_ 15:23:58 log Ready for OpenGL 2.0
_06-13-2018_ 15:23:58 log 
{
	gl.version: 4.6.0 NVIDIA 388.13
	gl.supports_NPOT: true
	cocos2d.x.version: cocos2d-x-3.10
	cocos2d.x.compiled_with_profiler: false
	cocos2d.x.build_type: DEBUG
	cocos2d.x.compiled_with_gl_state_cache: true
	gl.max_texture_size: 32768
	gl.vendor: NVIDIA Corporation
	gl.renderer: GeForce GTX 1050/PCIe/SSE2
	gl.max_texture_units: 192
	gl.supports_ETC1: false
	gl.supports_S3TC: true
	gl.supports_ATITC: false
	gl.supports_PVRTC: false
	gl.supports_BGRA8888: false
	gl.supports_discard_framebuffer: false
	gl.supports_vertex_array_object: true
}


_06-13-2018_ 15:23:58 log Project Config:
_06-13-2018_ 15:23:58 log     project dir: 
_06-13-2018_ 15:23:58 log     writable path: $(PROJDIR)\
_06-13-2018_ 15:23:58 log     script file: $(PROJDIR)\
_06-13-2018_ 15:23:58 log     frame size: 1280 x 720
_06-13-2018_ 15:23:58 log     frame scale: 1.00
_06-13-2018_ 15:23:58 log     show console: YES
_06-13-2018_ 15:23:58 log     write debug log: NO ()
_06-13-2018_ 15:23:58 log     listen: 
_06-13-2018_ 15:23:58 log     debugger: none
_06-13-2018_ 15:23:58 log     add searching path:
_06-13-2018_ 15:23:58 log 


_06-13-2018_ 15:23:58 log [LUA] ==>SearchPath	C:/devs/cc/sc-triple-client/simulator/win32/appData/debugruntime/
_06-13-2018_ 15:23:58 log [LUA] ==>SearchPath	C:/devs/cc/sc-triple-client/simulator/win32/
_06-13-2018_ 15:23:58 log [LUA] ==>SearchPath	C:/devs/cc/sc-triple-client/simulator/win32/
_06-13-2018_ 15:23:58 log [LUA] ==>SearchPath	
_06-13-2018_ 15:23:58 log [LUA] ==>SearchPath	C:/devs/cc/sc-triple-client/simulator/win32/
_06-13-2018_ 15:23:58 log [LUA] ==>SearchPath	C:/devs/cc/sc-triple-client/simulator/win32/appData/hotfix/res/
_06-13-2018_ 15:23:58 log [LUA] ==>SearchPath	src/
_06-13-2018_ 15:23:58 log [LUA] ==>SearchPath	res/
_06-13-2018_ 15:23:58 log [LUA] # design resolution size       = {width = 1280.00, height = 720.00}
_06-13-2018_ 15:23:58 log [LUA] # design resolution autoscale  = NO_BORDER
_06-13-2018_ 15:23:58 log Console: listening on  0.0.0.0 : 60000
_06-13-2018_ 15:23:59 log [LUA] start download remote version file: %s	http://127.0.0.1:12306/static/update/version.json
