_06-13-2018_ 15:24:25 log cocos2d: fullPathForFilename: No file found at config.json. Possible missing file.
_06-13-2018_ 15:24:25 log cocos2d: fullPathForFilename: No file found at config.json. Possible missing file.
_06-13-2018_ 15:24:25 log Get data from file(config.json) failed, error code is 3
_06-13-2018_ 15:24:25 log SCREEN DPI = 96, SCREEN SCALE = 1.00
_06-13-2018_ 15:24:26 log Ready for GLSL
_06-13-2018_ 15:24:26 log Ready for OpenGL 2.0
_06-13-2018_ 15:24:26 log 
{
	gl.version: 4.6.0 NVIDIA 388.13
	gl.supports_NPOT: true
	cocos2d.x.version: cocos2d-x-3.10
	cocos2d.x.compiled_with_profiler: false
	cocos2d.x.build_type: DEBUG
	cocos2d.x.compiled_with_gl_state_cache: true
	gl.max_texture_size: 32768
	gl.vendor: NVIDIA Corporation
	gl.renderer: GeForce GTX 1050/PCIe/SSE2
	gl.max_texture_units: 192
	gl.supports_ETC1: false
	gl.supports_S3TC: true
	gl.supports_ATITC: false
	gl.supports_PVRTC: false
	gl.supports_BGRA8888: false
	gl.supports_discard_framebuffer: false
	gl.supports_vertex_array_object: true
}


_06-13-2018_ 15:24:26 log Project Config:
_06-13-2018_ 15:24:26 log     project dir: 
_06-13-2018_ 15:24:26 log     writable path: $(PROJDIR)\
_06-13-2018_ 15:24:26 log     script file: $(PROJDIR)\
_06-13-2018_ 15:24:26 log     frame size: 1280 x 720
_06-13-2018_ 15:24:26 log     frame scale: 1.00
_06-13-2018_ 15:24:26 log     show console: YES
_06-13-2018_ 15:24:26 log     write debug log: NO ()
_06-13-2018_ 15:24:26 log     listen: 
_06-13-2018_ 15:24:26 log     debugger: none
_06-13-2018_ 15:24:26 log     add searching path:
_06-13-2018_ 15:24:26 log 


_06-13-2018_ 15:24:26 log [LUA] ==>SearchPath	C:/devs/cc/sc-triple-client/simulator/win32/appData/debugruntime/
_06-13-2018_ 15:24:26 log [LUA] ==>SearchPath	C:/devs/cc/sc-triple-client/simulator/win32/
_06-13-2018_ 15:24:26 log [LUA] ==>SearchPath	C:/devs/cc/sc-triple-client/simulator/win32/
_06-13-2018_ 15:24:26 log [LUA] ==>SearchPath	
_06-13-2018_ 15:24:26 log [LUA] ==>SearchPath	C:/devs/cc/sc-triple-client/simulator/win32/
_06-13-2018_ 15:24:26 log [LUA] ==>SearchPath	C:/devs/cc/sc-triple-client/simulator/win32/appData/hotfix/res/
_06-13-2018_ 15:24:26 log [LUA] ==>SearchPath	src/
_06-13-2018_ 15:24:26 log [LUA] ==>SearchPath	res/
_06-13-2018_ 15:24:26 log [LUA] # design resolution size       = {width = 1280.00, height = 720.00}
_06-13-2018_ 15:24:26 log [LUA] # design resolution autoscale  = NO_BORDER
_06-13-2018_ 15:24:26 log Console: listening on  0.0.0.0 : 60000
_06-13-2018_ 15:24:26 log [LUA] start download remote version file: %s	http://127.0.0.1:12306/static/update/version.json
_06-13-2018_ 15:24:30 log [LUA] LuaEvent =====>9
_06-13-2018_ 15:24:30 log [LUA] ===============ontaskerror:url:%s, sotagePath:%s	http://127.0.0.1:12306/static/update/version.json?ts=1528874666	C:/devs/cc/sc-triple-client/simulator/win32/appData/tmp/version.json
_06-13-2018_ 15:24:30 log [LUA] ===============ontaskerror	codeInternal	28	msg	Timeout was reached
_06-13-2018_ 15:24:30 log [LUA] updater.rmdir:	C:/devs/cc/sc-triple-client/simulator/win32/appData/tmp/
_06-13-2018_ 15:24:30 log [LUA] table : table: 0x0efea6b0
_06-13-2018_ 15:24:30 log [LUA] 
********** 
WebSocket was deprecated please use cc.WebSocket instead.
**********
_06-13-2018_ 15:24:30 log [LUA] [INFO] <[string "src/framework/cocos/framework/init.lua"]:28: in main chunk> 
_06-13-2018_ 15:24:30 log [LUA] [INFO] <[string "src/framework/cocos/framework/init.lua"]:29: in main chunk> # DEBUG                        = 2
_06-13-2018_ 15:24:30 log [LUA] [INFO] <[string "src/framework/cocos/framework/init.lua"]:30: in main chunk> #
_06-13-2018_ 15:24:30 log [LUA] [INFO] <[string "src/framework/cocos/framework/device.lua"]:99: in main chunk> # device.platform              = windows
_06-13-2018_ 15:24:30 log [LUA] [INFO] <[string "src/framework/cocos/framework/device.lua"]:100: in main chunk> # device.model                 = unknown
_06-13-2018_ 15:24:30 log [LUA] [INFO] <[string "src/framework/cocos/framework/device.lua"]:101: in main chunk> # device.language              = cn
_06-13-2018_ 15:24:30 log [LUA] [INFO] <[string "src/framework/cocos/framework/device.lua"]:102: in main chunk> # device.writablePath          = C:/devs/cc/sc-triple-client/simulator/win32/appData/
_06-13-2018_ 15:24:30 log [LUA] [INFO] <[string "src/framework/cocos/framework/device.lua"]:103: in main chunk> # device.directorySeparator    = \
_06-13-2018_ 15:24:30 log [LUA] [INFO] <[string "src/framework/cocos/framework/device.lua"]:104: in main chunk> # device.pathSeparator         = ;
_06-13-2018_ 15:24:30 log [LUA] [INFO] <[string "src/framework/cocos/framework/device.lua"]:105: in main chunk> #
_06-13-2018_ 15:24:30 log [LUA] [INFO] <[string "src/framework/cocos/framework/display.lua"]:114: in function 'setConstants'> # display.sizeInPixels         = {width = 1280.00, height = 720.00}
_06-13-2018_ 15:24:30 log [LUA] [INFO] <[string "src/framework/cocos/framework/display.lua"]:115: in function 'setConstants'> # display.size                 = {width = 1280.00, height = 720.00}
_06-13-2018_ 15:24:30 log [LUA] [INFO] <[string "src/framework/cocos/framework/display.lua"]:116: in function 'setConstants'> # display.contentScaleFactor   = 1.00
_06-13-2018_ 15:24:30 log [LUA] [INFO] <[string "src/framework/cocos/framework/display.lua"]:117: in function 'setConstants'> # display.width                = 1280.00
_06-13-2018_ 15:24:30 log [LUA] [INFO] <[string "src/framework/cocos/framework/display.lua"]:118: in function 'setConstants'> # display.height               = 720.00
_06-13-2018_ 15:24:30 log [LUA] [INFO] <[string "src/framework/cocos/framework/display.lua"]:119: in function 'setConstants'> # display.cx                   = 640.00
_06-13-2018_ 15:24:30 log [LUA] [INFO] <[string "src/framework/cocos/framework/display.lua"]:120: in function 'setConstants'> # display.cy                   = 360.00
_06-13-2018_ 15:24:30 log [LUA] [INFO] <[string "src/framework/cocos/framework/display.lua"]:121: in function 'setConstants'> # display.left                 = 0.00
_06-13-2018_ 15:24:30 log [LUA] [INFO] <[string "src/framework/cocos/framework/display.lua"]:122: in function 'setConstants'> # display.right                = 1280.00
_06-13-2018_ 15:24:30 log [LUA] [INFO] <[string "src/framework/cocos/framework/display.lua"]:123: in function 'setConstants'> # display.top                  = 720.00
_06-13-2018_ 15:24:30 log [LUA] [INFO] <[string "src/framework/cocos/framework/display.lua"]:124: in function 'setConstants'> # display.bottom               = 0.00
_06-13-2018_ 15:24:30 log [LUA] [INFO] <[string "src/framework/cocos/framework/display.lua"]:125: in function 'setConstants'> # display.c_left               = -640.00
_06-13-2018_ 15:24:30 log [LUA] [INFO] <[string "src/framework/cocos/framework/display.lua"]:126: in function 'setConstants'> # display.c_right              = 640.00
_06-13-2018_ 15:24:30 log [LUA] [INFO] <[string "src/framework/cocos/framework/display.lua"]:127: in function 'setConstants'> # display.c_top                = 360.00
_06-13-2018_ 15:24:30 log [LUA] [INFO] <[string "src/framework/cocos/framework/display.lua"]:128: in function 'setConstants'> # display.c_bottom             = -360.00
_06-13-2018_ 15:24:30 log [LUA] [INFO] <[string "src/framework/cocos/framework/display.lua"]:129: in function 'setConstants'> # display.center               = {x = 640.00, y = 360.00}
_06-13-2018_ 15:24:30 log [LUA] [INFO] <[string "src/framework/cocos/framework/display.lua"]:130: in function 'setConstants'> # display.left_top             = {x = 0.00, y = 720.00}
_06-13-2018_ 15:24:30 log [LUA] [INFO] <[string "src/framework/cocos/framework/display.lua"]:131: in function 'setConstants'> # display.left_bottom          = {x = 0.00, y = 0.00}
_06-13-2018_ 15:24:30 log [LUA] [INFO] <[string "src/framework/cocos/framework/display.lua"]:132: in function 'setConstants'> # display.left_center          = {x = 0.00, y = 360.00}
_06-13-2018_ 15:24:30 log [LUA] [INFO] <[string "src/framework/cocos/framework/display.lua"]:133: in function 'setConstants'> # display.right_top            = {x = 1280.00, y = 720.00}
_06-13-2018_ 15:24:30 log [LUA] [INFO] <[string "src/framework/cocos/framework/display.lua"]:134: in function 'setConstants'> # display.right_bottom         = {x = 1280.00, y = 0.00}
_06-13-2018_ 15:24:30 log [LUA] [INFO] <[string "src/framework/cocos/framework/display.lua"]:135: in function 'setConstants'> # display.right_center         = {x = 1280.00, y = 360.00}
_06-13-2018_ 15:24:30 log [LUA] [INFO] <[string "src/framework/cocos/framework/display.lua"]:136: in function 'setConstants'> # display.top_center           = {x = 640.00, y = 720.00}
_06-13-2018_ 15:24:30 log [LUA] [INFO] <[string "src/framework/cocos/framework/display.lua"]:137: in function 'setConstants'> # display.top_bottom           = {x = 640.00, y = 0.00}
_06-13-2018_ 15:24:30 log [LUA] [INFO] <[string "src/framework/cocos/framework/display.lua"]:138: in function 'setConstants'> #
_06-13-2018_ 15:24:30 log [LUA] [INFO] <[string "src/framework/cocos/framework/package_support.lua"]:47: in function 'load'> cc.load() - load module "packages.mvc.init"
_06-13-2018_ 15:24:30 log [LUA] RESOURCE_FILENAME： layout/login.csb
_06-13-2018_ 15:24:30 log [LUA] loginUI:oncreate()
_06-13-2018_ 15:24:30 log ThirdSDK::initPlugin: appid=wx5c1c4bf394bc59c5, appkey=3d4393d09924d1058bea0681f7372563
