_07-25-2018_ 15:17:51 log cocos2d: fullPathForFilename: No file found at config.json. Possible missing file.
_07-25-2018_ 15:17:51 log cocos2d: fullPathForFilename: No file found at config.json. Possible missing file.
_07-25-2018_ 15:17:51 log Get data from file(config.json) failed, error code is 0
_07-25-2018_ 15:17:51 log SCREEN DPI = 96, SCREEN SCALE = 1.00
_07-25-2018_ 15:17:51 log Ready for GLSL
_07-25-2018_ 15:17:51 log Ready for OpenGL 2.0
_07-25-2018_ 15:17:51 log 
{
	gl.version: 4.0.0 - Build 10.18.10.4252
	gl.supports_NPOT: true
	cocos2d.x.version: cocos2d-x-3.10
	cocos2d.x.compiled_with_profiler: false
	cocos2d.x.build_type: DEBUG
	cocos2d.x.compiled_with_gl_state_cache: true
	gl.max_texture_size: 16384
	gl.vendor: Intel
	gl.renderer: Intel(R) HD Graphics 4000
	gl.max_texture_units: 96
	gl.supports_ETC1: false
	gl.supports_S3TC: true
	gl.supports_ATITC: false
	gl.supports_PVRTC: false
	gl.supports_BGRA8888: false
	gl.supports_discard_framebuffer: false
	gl.supports_vertex_array_object: true
}


_07-25-2018_ 15:17:51 log Project Config:
_07-25-2018_ 15:17:51 log     project dir: 
_07-25-2018_ 15:17:51 log     writable path: $(PROJDIR)\
_07-25-2018_ 15:17:51 log     script file: $(PROJDIR)\
_07-25-2018_ 15:17:51 log     frame size: 1280 x 720
_07-25-2018_ 15:17:51 log     frame scale: 1.00
_07-25-2018_ 15:17:51 log     show console: YES
_07-25-2018_ 15:17:51 log     write debug log: NO ()
_07-25-2018_ 15:17:51 log     listen: 
_07-25-2018_ 15:17:51 log     debugger: none
_07-25-2018_ 15:17:51 log     add searching path:
_07-25-2018_ 15:17:51 log 


_07-25-2018_ 15:17:51 log [LUA] ==>SearchPath	E:/GO_LuaProjecy/win32/appData/debugruntime/
_07-25-2018_ 15:17:51 log [LUA] ==>SearchPath	E:/GO_LuaProjecy/win32/
_07-25-2018_ 15:17:51 log [LUA] ==>SearchPath	E:/GO_LuaProjecy/win32/
_07-25-2018_ 15:17:51 log [LUA] ==>SearchPath	
_07-25-2018_ 15:17:51 log [LUA] ==>SearchPath	E:/GO_LuaProjecy/win32/
_07-25-2018_ 15:17:51 log [LUA] ==>SearchPath	E:/GO_LuaProjecy/win32/appData/hotfix/res/
_07-25-2018_ 15:17:51 log [LUA] ==>SearchPath	src/
_07-25-2018_ 15:17:51 log [LUA] ==>SearchPath	res/
_07-25-2018_ 15:17:51 log [LUA] # design resolution size       = {width = 1280.00, height = 720.00}
_07-25-2018_ 15:17:51 log [LUA] # design resolution autoscale  = NO_BORDER
_07-25-2018_ 15:17:51 log Console: listening on  0.0.0.0 : 60000
_07-25-2018_ 15:17:51 log [LUA] start download remote version file: %s	http://127.0.0.1:12307/static/update/version.json
_07-25-2018_ 15:17:51 log [LUA] LuaEvent =====>10
_07-25-2018_ 15:17:51 log [LUA] ===============ontaskprocess==================
_07-25-2018_ 15:17:51 log [LUA] LuaEvent =====>11
_07-25-2018_ 15:17:51 log [LUA] ===============ontasksuccess==================
_07-25-2018_ 15:17:51 log [LUA] ==============检查热更=================
_07-25-2018_ 15:17:51 log [LUA] ==> 文件路径	E:/GO_LuaProjecy/win32/appData/tmp/version.json	true
_07-25-2018_ 15:17:51 log [LUA] ==> 本地版本号	1.9.3
_07-25-2018_ 15:17:51 log [LUA] ==> 远程版本号	1.9.3
_07-25-2018_ 15:17:51 log [LUA] ==> 本地补丁号	3
_07-25-2018_ 15:17:51 log [LUA] ==> 远程补丁号	6
_07-25-2018_ 15:17:51 log [LUA] ==> 补丁地址	http://39.108.135.229:12307/static/update/v1.9.3.kl.6.patch
_07-25-2018_ 15:17:51 log [LUA] 发现新版本，准备更新，补丁地址	http://39.108.135.229:12307/static/update/v1.9.3.kl.6.patch
_07-25-2018_ 15:17:56 log [LUA] LuaEvent =====>9
_07-25-2018_ 15:17:56 log [LUA] ===============ontaskerror:url:%s, sotagePath:%s	http://39.108.135.229:12307/static/update/v1.9.3.kl.6.patch	E:/GO_LuaProjecy/win32/appData/tmp/hotfix.patch
_07-25-2018_ 15:17:56 log [LUA] ===============ontaskerror	codeInternal	28	msg	Timeout was reached
_07-25-2018_ 15:17:56 log [LUA] table : table: 0x0a68a620
_07-25-2018_ 15:17:56 log [LUA] 
********** 
WebSocket was deprecated please use cc.WebSocket instead.
**********
_07-25-2018_ 15:17:56 log [LUA] [INFO] <[string "src/framework/cocos/framework/init.lua"]:28: in main chunk> 
_07-25-2018_ 15:17:56 log [LUA] [INFO] <[string "src/framework/cocos/framework/init.lua"]:29: in main chunk> # DEBUG                        = 2
_07-25-2018_ 15:17:56 log [LUA] [INFO] <[string "src/framework/cocos/framework/init.lua"]:30: in main chunk> #
_07-25-2018_ 15:17:56 log [LUA] [INFO] <[string "src/framework/cocos/framework/device.lua"]:99: in main chunk> # device.platform              = windows
_07-25-2018_ 15:17:56 log [LUA] [INFO] <[string "src/framework/cocos/framework/device.lua"]:100: in main chunk> # device.model                 = unknown
_07-25-2018_ 15:17:56 log [LUA] [INFO] <[string "src/framework/cocos/framework/device.lua"]:101: in main chunk> # device.language              = cn
_07-25-2018_ 15:17:56 log [LUA] [INFO] <[string "src/framework/cocos/framework/device.lua"]:102: in main chunk> # device.writablePath          = E:/GO_LuaProjecy/win32/appData/
_07-25-2018_ 15:17:56 log [LUA] [INFO] <[string "src/framework/cocos/framework/device.lua"]:103: in main chunk> # device.directorySeparator    = \
_07-25-2018_ 15:17:56 log [LUA] [INFO] <[string "src/framework/cocos/framework/device.lua"]:104: in main chunk> # device.pathSeparator         = ;
_07-25-2018_ 15:17:56 log [LUA] [INFO] <[string "src/framework/cocos/framework/device.lua"]:105: in main chunk> #
_07-25-2018_ 15:17:56 log [LUA] [INFO] <[string "src/framework/cocos/framework/display.lua"]:114: in function 'setConstants'> # display.sizeInPixels         = {width = 1280.00, height = 720.00}
_07-25-2018_ 15:17:56 log [LUA] [INFO] <[string "src/framework/cocos/framework/display.lua"]:115: in function 'setConstants'> # display.size                 = {width = 1280.00, height = 720.00}
_07-25-2018_ 15:17:56 log [LUA] [INFO] <[string "src/framework/cocos/framework/display.lua"]:116: in function 'setConstants'> # display.contentScaleFactor   = 1.00
_07-25-2018_ 15:17:56 log [LUA] [INFO] <[string "src/framework/cocos/framework/display.lua"]:117: in function 'setConstants'> # display.width                = 1280.00
_07-25-2018_ 15:17:56 log [LUA] [INFO] <[string "src/framework/cocos/framework/display.lua"]:118: in function 'setConstants'> # display.height               = 720.00
_07-25-2018_ 15:17:56 log [LUA] [INFO] <[string "src/framework/cocos/framework/display.lua"]:119: in function 'setConstants'> # display.cx                   = 640.00
_07-25-2018_ 15:17:56 log [LUA] [INFO] <[string "src/framework/cocos/framework/display.lua"]:120: in function 'setConstants'> # display.cy                   = 360.00
_07-25-2018_ 15:17:56 log [LUA] [INFO] <[string "src/framework/cocos/framework/display.lua"]:121: in function 'setConstants'> # display.left                 = 0.00
_07-25-2018_ 15:17:56 log [LUA] [INFO] <[string "src/framework/cocos/framework/display.lua"]:122: in function 'setConstants'> # display.right                = 1280.00
_07-25-2018_ 15:17:56 log [LUA] [INFO] <[string "src/framework/cocos/framework/display.lua"]:123: in function 'setConstants'> # display.top                  = 720.00
_07-25-2018_ 15:17:56 log [LUA] [INFO] <[string "src/framework/cocos/framework/display.lua"]:124: in function 'setConstants'> # display.bottom               = 0.00
_07-25-2018_ 15:17:56 log [LUA] [INFO] <[string "src/framework/cocos/framework/display.lua"]:125: in function 'setConstants'> # display.c_left               = -640.00
_07-25-2018_ 15:17:56 log [LUA] [INFO] <[string "src/framework/cocos/framework/display.lua"]:126: in function 'setConstants'> # display.c_right              = 640.00
_07-25-2018_ 15:17:56 log [LUA] [INFO] <[string "src/framework/cocos/framework/display.lua"]:127: in function 'setConstants'> # display.c_top                = 360.00
_07-25-2018_ 15:17:56 log [LUA] [INFO] <[string "src/framework/cocos/framework/display.lua"]:128: in function 'setConstants'> # display.c_bottom             = -360.00
_07-25-2018_ 15:17:56 log [LUA] [INFO] <[string "src/framework/cocos/framework/display.lua"]:129: in function 'setConstants'> # display.center               = {x = 640.00, y = 360.00}
_07-25-2018_ 15:17:56 log [LUA] [INFO] <[string "src/framework/cocos/framework/display.lua"]:130: in function 'setConstants'> # display.left_top             = {x = 0.00, y = 720.00}
_07-25-2018_ 15:17:56 log [LUA] [INFO] <[string "src/framework/cocos/framework/display.lua"]:131: in function 'setConstants'> # display.left_bottom          = {x = 0.00, y = 0.00}
_07-25-2018_ 15:17:56 log [LUA] [INFO] <[string "src/framework/cocos/framework/display.lua"]:132: in function 'setConstants'> # display.left_center          = {x = 0.00, y = 360.00}
_07-25-2018_ 15:17:56 log [LUA] [INFO] <[string "src/framework/cocos/framework/display.lua"]:133: in function 'setConstants'> # display.right_top            = {x = 1280.00, y = 720.00}
_07-25-2018_ 15:17:56 log [LUA] [INFO] <[string "src/framework/cocos/framework/display.lua"]:134: in function 'setConstants'> # display.right_bottom         = {x = 1280.00, y = 0.00}
_07-25-2018_ 15:17:56 log [LUA] [INFO] <[string "src/framework/cocos/framework/display.lua"]:135: in function 'setConstants'> # display.right_center         = {x = 1280.00, y = 360.00}
_07-25-2018_ 15:17:56 log [LUA] [INFO] <[string "src/framework/cocos/framework/display.lua"]:136: in function 'setConstants'> # display.top_center           = {x = 640.00, y = 720.00}
_07-25-2018_ 15:17:56 log [LUA] [INFO] <[string "src/framework/cocos/framework/display.lua"]:137: in function 'setConstants'> # display.top_bottom           = {x = 640.00, y = 0.00}
_07-25-2018_ 15:17:56 log [LUA] [INFO] <[string "src/framework/cocos/framework/display.lua"]:138: in function 'setConstants'> #
_07-25-2018_ 15:17:56 log [LUA] [INFO] <[string "src/framework/cocos/framework/package_support.lua"]:47: in function 'load'> cc.load() - load module "packages.mvc.init"
_07-25-2018_ 15:17:56 log [LUA] RESOURCE_FILENAME： layout/login.csb
_07-25-2018_ 15:17:56 log [LUA] loginUI:oncreate()
_07-25-2018_ 15:17:56 log ThirdSDK::initPlugin: appid=wx5c1c4bf394bc59c5, appkey=3d4393d09924d1058bea0681f7372563
_07-25-2018_ 15:18:08 log [LUA] RESOURCE_FILENAME： layout/skip.csb
_07-25-2018_ 15:18:08 log [LUA] RESOURCE_FILENAME： layout/loading.csb
_07-25-2018_ 15:18:08 log In the constructor of HttpClient!
_07-25-2018_ 15:18:08 log [LUA] HTTP RESPONSE:	{"code":0,"guest":true}

_07-25-2018_ 15:18:08 log [LUA] HTTP RESPONSE:	{"code":0,"name":"G1000000","uid":1000000,"headUrl":"http://wx.qlogo.cn/mmopen/s962LEwpLxhQSOnarDnceXjSxVGaibMRsvRM4EIWic0U6fQdkpqz4Vr8XS8D81QKfyYuwjwm2M2ibsFY8mia8ic51ww/0","fangka":10,"sex":1,"ip":"127.0.0.1","port":33251,"playerIp":"127.0.0.1","config":{"version":"1.9.3","android":"https://fir.im/tand","ios":"https://fir.im/tios","heartbeat":30,"forceUpdate":true,"title":"血战到底","desc":"纯正四川玩法，快捷便利的掌上血战，轻松组局，随时随地尽情游戏","daili1":"kefuweixin01","daili2":"kefuweixin01","kefu1":"kefuweixin01","appId":"xxx","appKey":"xxx"},"messages":["系统消息：健康游戏，禁止赌博","欢迎进入游戏"],"clubList":[],"debug":0}

_07-25-2018_ 15:18:08 log [LUA] [INFO] <[string "src/app/data/PlayerData.lua"]:64: in function 'setHeadIcon'> localpath ===> E:/GO_LuaProjecy/win32/appData/avt//head-0_1000000.png
_07-25-2018_ 15:18:08 log [LUA] [INFO] <[string "src/framework/cocos/framework/components/event.lua"]:46: in function 'addEventListener'> table: 0x0cf4c8c8 [Event] addEventListener() - event: SOCKET_TCP_DATA, handle: 1, tag: ""
_07-25-2018_ 15:18:08 log [LUA] [INFO] <[string "src/framework/cocos/framework/components/event.lua"]:46: in function 'addEventListener'> table: 0x0cf4c8c8 [Event] addEventListener() - event: SOCKET_TCP_CLOSE, handle: 2, tag: ""
_07-25-2018_ 15:18:08 log [LUA] [INFO] <[string "src/framework/cocos/framework/components/event.lua"]:46: in function 'addEventListener'> table: 0x0cf4c8c8 [Event] addEventListener() - event: SOCKET_TCP_CLOSED, handle: 3, tag: ""
_07-25-2018_ 15:18:08 log [LUA] [INFO] <[string "src/framework/cocos/framework/components/event.lua"]:46: in function 'addEventListener'> table: 0x0cf4c8c8 [Event] addEventListener() - event: SOCKET_TCP_CONNECTED, handle: 4, tag: ""
_07-25-2018_ 15:18:08 log [LUA] [INFO] <[string "src/framework/cocos/framework/components/event.lua"]:46: in function 'addEventListener'> table: 0x0cf4c8c8 [Event] addEventListener() - event: SOCKET_TCP_CONNECT_FAILURE, handle: 5, tag: ""
_07-25-2018_ 15:18:08 log [LUA] [INFO] <[string "src/app/network/SocketTCP.lua"]:164: in function '_onConnected'> SocketTCP._onConnectd
_07-25-2018_ 15:18:08 log [LUA] [INFO] <[string "src/app/network/NetworkManager.lua"]:128: in function 'process'> TYPE_HANDSHAKE
_07-25-2018_ 15:18:08 log [LUA] [INFO] <[string "src/app/network/NetworkManager.lua"]:139: in function 'process'> S===>C: {"type":2,"data":{"acId":1000000,"nickname":"G1000000","headURL":"http://wx.qlogo.cn/mmopen/s962LEwpLxhQSOnarDnceXjSxVGaibMRsvRM4EIWic0U6fQdkpqz4Vr8XS8D81QKfyYuwjwm2M2ibsFY8mia8ic51ww/0","sex":1,"fangka":10},"id":1}
_07-25-2018_ 15:18:08 log [LUA] [INFO] <[string "src/app/data/PlayerData.lua"]:64: in function 'setHeadIcon'> localpath ===> E:/GO_LuaProjecy/win32/appData/avt//head-0_1000000.png
_07-25-2018_ 15:18:09 log [LUA] RESOURCE_FILENAME： layout/lobby.csb
_07-25-2018_ 15:18:09 log [LUA] Lobby:oncreate()
_07-25-2018_ 15:18:09 log [LUA] RESOURCE_FILENAME： layout/lobby_center.csb
_07-25-2018_ 15:18:10 log [LUA] LobbyUI:registEvent
_07-25-2018_ 15:18:10 log [LUA] [INFO] <[string "src/framework/cocos/framework/components/event.lua"]:46: in function 'addEventListener'> table: 0x0aa40618 [Event] addEventListener() - event: BROADCAST_SYSTEM_MESSAGE, handle: 1, tag: ""
_07-25-2018_ 15:18:10 log [LUA] [INFO] <[string "src/framework/cocos/framework/components/event.lua"]:46: in function 'addEventListener'> table: 0x0aa40618 [Event] addEventListener() - event: SHOW_BATTLE_INFO, handle: 2, tag: ""
_07-25-2018_ 15:18:10 log [LUA] [INFO] <[string "src/framework/cocos/framework/components/event.lua"]:46: in function 'addEventListener'> table: 0x0aa40618 [Event] addEventListener() - event: PLAYERDATA_NICKNAME_CHANGED, handle: 3, tag: ""
_07-25-2018_ 15:18:10 log [LUA] [INFO] <[string "src/framework/cocos/framework/components/event.lua"]:46: in function 'addEventListener'> table: 0x0aa40618 [Event] addEventListener() - event: PLAYERDATA_HEADICON_CHANGED, handle: 4, tag: ""
_07-25-2018_ 15:18:10 log [LUA] [INFO] <[string "src/framework/cocos/framework/components/event.lua"]:46: in function 'addEventListener'> table: 0x0aa40618 [Event] addEventListener() - event: PLAYERDATA_CARD_COUNT_CHANGED, handle: 5, tag: ""
_07-25-2018_ 15:18:10 log [LUA] [INFO] <[string "src/framework/cocos/framework/components/event.lua"]:46: in function 'addEventListener'> table: 0x0aa40618 [Event] addEventListener() - event: APPLICATION_STATUS_CHANGE, handle: 6, tag: ""
_07-25-2018_ 15:18:10 log [LUA] [INFO] <[string "src/framework/cocos/framework/components/event.lua"]:46: in function 'addEventListener'> table: 0x0aa40618 [Event] addEventListener() - event: EXIT_GAME, handle: 7, tag: ""
_07-25-2018_ 15:18:10 log [LUA] [INFO] <[string "src/app/network/NetworkManager.lua"]:139: in function 'process'> S===>C: {"type":3,"route":"onCoinChange","data":{"coin":10}}
_07-25-2018_ 15:18:10 log [LUA] [INFO] <[string "src/app/network/NetworkManager.lua"]:139: in function 'process'> S===>C: {"type":2,"data":{"exist":false,"tableInfo":{"desc":"","round":0,"title":"","createdAt":0,"status":0,"creator":0,"mode":0,"deskId":""}},"id":2}
_07-25-2018_ 15:18:15 log [LUA] [INFO] <[string "src/app/ui/LobbyUI.lua"]:173: in function 'listener'> cloudVoiceAppId: xxx, cloudVoiceAppKey: xxx, openId: 1000000
_07-25-2018_ 15:18:15 log [LUA] [INFO] <[string "src/app/ui/LobbyUI.lua"]:175: in function 'listener'> cloudvoice init result: <var> = nil
_07-25-2018_ 15:18:19 log [LUA] [INFO] <[string "src/app/ui/LobbyUI.lua"]:55: in function 'checkVersion'> version infomation: <var> = {
    android = "https://fir.im/tand",
    appId = "xxx",
    appKey = "xxx",
    daili1 = "kefuweixin01",
    daili2 = "kefuweixin01",
    desc = "纯正四川玩法，快捷便利的掌上血战，轻松组局，随时随地尽情游戏",
    forceUpdate = true,
    heartbeat = 30,
    ios = "https://fir.im/tios",
    kefu1 = "kefuweixin01",
    title = "血战到底",
    version = "1.9.3",
}
_07-25-2018_ 15:18:19 log [LUA] RESOURCE_FILENAME： layout/create_room.csb
_07-25-2018_ 15:18:22 log [LUA] [INFO] <[string "src/app/ui/LobbyUI.lua"]:55: in function 'checkVersion'> version infomation: <var> = {
    android = "https://fir.im/tand",
    appId = "xxx",
    appKey = "xxx",
    daili1 = "kefuweixin01",
    daili2 = "kefuweixin01",
    desc = "纯正四川玩法，快捷便利的掌上血战，轻松组局，随时随地尽情游戏",
    forceUpdate = true,
    heartbeat = 30,
    ios = "https://fir.im/tios",
    kefu1 = "kefuweixin01",
    title = "血战到底",
    version = "1.9.3",
}
_07-25-2018_ 15:18:22 log [LUA] RESOURCE_FILENAME： layout/create_room.csb
_07-25-2018_ 15:18:24 log [LUA] [INFO] <[string "src/app/ui/CreateRoomUI.lua"]:141: in function <[string "src/app/ui/CreateRoomUI.lua"]:125>> {"clubId":-1,"version":"1.9.3","options":{"zimo":"di","round":8,"mode":3,"maxFan":3}}
_07-25-2018_ 15:18:24 log [LUA] [INFO] <[string "src/app/network/NetworkManager.lua"]:139: in function 'process'> S===>C: {"type":2,"data":{"error":"","code":0,"tableInfo":{"desc":"自摸加底 3番封顶","round":0,"title":"房号: 889777 局数: 0/8","createdAt":1532503104,"status":0,"creator":1000000,"mode":3,"deskId":"889777"}},"id":3}
_07-25-2018_ 15:18:24 log [LUA] [INFO] <[string "src/app/ui/CreateRoomUI.lua"]:148: in function 'callback'> CreateRoomResult: {"desc":"自摸加底 3番封顶","round":0,"title":"房号: 889777 局数: 0/8","createdAt":1532503104,"status":0,"creator":1000000,"mode":3,"deskId":"889777"}
_07-25-2018_ 15:18:24 log [LUA] RESOURCE_FILENAME： layout/loading.csb
_07-25-2018_ 15:18:24 log [LUA] RESOURCE_FILENAME： layout/desk_ui.csb
_07-25-2018_ 15:18:24 log [LUA] [INFO] <[string "src/app/logic/deskManager.lua"]:122: in function 'enterAsync'> deskManager.enterAsync
_07-25-2018_ 15:18:24 log [LUA] [INFO] <[string "src/app/logic/deskManager.lua"]:122: in function 'enterAsync'> deskManager.enterAsync
_07-25-2018_ 15:18:24 log [LUA] RESOURCE_FILENAME： layout/desk3d.csb
_07-25-2018_ 15:18:24 log [LUA] [INFO] <[string "src/app/core/TimeCount.lua"]:16: in function 'stop'> Desk3DUI:initAsync used time:0ms
_07-25-2018_ 15:18:25 log [LUA] [INFO] <[string "src/app/logic/deskManager.lua"]:122: in function 'enterAsync'> deskManager.enterAsync
_07-25-2018_ 15:18:25 log [LUA] [INFO] <[string "src/app/logic/deskManager.lua"]:122: in function 'enterAsync'> deskManager.enterAsync
_07-25-2018_ 15:18:25 log [LUA] [INFO] <[string "src/app/core/TimeCount.lua"]:16: in function 'stop'> Desk3DUI:initAsync used time:101ms
_07-25-2018_ 15:18:25 log [LUA] [INFO] <[string "src/app/logic/deskManager.lua"]:122: in function 'enterAsync'> deskManager.enterAsync
_07-25-2018_ 15:18:25 log [LUA] [INFO] <[string "src/app/core/TimeCount.lua"]:16: in function 'stop'> Desk3DUI:initAsync used time:399ms
_07-25-2018_ 15:18:25 log cocos2d: warning: Attribute not found: a_normal
_07-25-2018_ 15:18:25 log cocos2d: warning: Attribute not found: a_normal
_07-25-2018_ 15:18:25 log cocos2d: warning: Attribute not found: a_normal
_07-25-2018_ 15:18:25 log cocos2d: warning: Attribute not found: a_normal
_07-25-2018_ 15:18:25 log cocos2d: warning: Attribute not found: a_normal
_07-25-2018_ 15:18:25 log cocos2d: warning: Attribute not found: a_normal
_07-25-2018_ 15:18:25 log cocos2d: warning: Attribute not found: a_normal
_07-25-2018_ 15:18:25 log cocos2d: warning: Attribute not found: a_normal
_07-25-2018_ 15:18:25 log cocos2d: warning: Attribute not found: a_normal
_07-25-2018_ 15:18:25 log cocos2d: warning: Attribute not found: a_normal
_07-25-2018_ 15:18:25 log cocos2d: warning: Attribute not found: a_normal
_07-25-2018_ 15:18:25 log cocos2d: warning: Attribute not found: a_normal
_07-25-2018_ 15:18:25 log cocos2d: warning: Attribute not found: a_normal
_07-25-2018_ 15:18:25 log cocos2d: warning: Attribute not found: a_normal
_07-25-2018_ 15:18:25 log cocos2d: warning: Attribute not found: a_normal
_07-25-2018_ 15:18:25 log cocos2d: warning: Attribute not found: a_normal
_07-25-2018_ 15:18:25 log cocos2d: warning: Attribute not found: a_normal
_07-25-2018_ 15:18:25 log cocos2d: warning: Attribute not found: a_normal
_07-25-2018_ 15:18:25 log cocos2d: warning: Attribute not found: a_normal
_07-25-2018_ 15:18:25 log cocos2d: warning: Attribute not found: a_normal
_07-25-2018_ 15:18:25 log cocos2d: warning: Attribute not found: a_normal
_07-25-2018_ 15:18:25 log cocos2d: warning: Attribute not found: a_normal
_07-25-2018_ 15:18:25 log cocos2d: warning: Attribute not found: a_normal
_07-25-2018_ 15:18:25 log cocos2d: warning: Attribute not found: a_normal
_07-25-2018_ 15:18:25 log cocos2d: warning: Attribute not found: a_normal
_07-25-2018_ 15:18:25 log cocos2d: warning: Attribute not found: a_normal
_07-25-2018_ 15:18:25 log cocos2d: warning: Attribute not found: a_normal
_07-25-2018_ 15:18:25 log cocos2d: warning: Attribute not found: a_normal
_07-25-2018_ 15:18:25 log cocos2d: warning: Attribute not found: a_normal
_07-25-2018_ 15:18:25 log cocos2d: warning: Attribute not found: a_normal
_07-25-2018_ 15:18:25 log cocos2d: warning: Attribute not found: a_normal
_07-25-2018_ 15:18:25 log cocos2d: warning: Attribute not found: a_normal
_07-25-2018_ 15:18:25 log cocos2d: warning: Attribute not found: a_normal
_07-25-2018_ 15:18:25 log cocos2d: warning: Attribute not found: a_normal
_07-25-2018_ 15:18:25 log cocos2d: warning: Attribute not found: a_normal
_07-25-2018_ 15:18:25 log cocos2d: warning: Attribute not found: a_normal
_07-25-2018_ 15:18:25 log cocos2d: warning: Attribute not found: a_normal
_07-25-2018_ 15:18:25 log cocos2d: warning: Attribute not found: a_normal
_07-25-2018_ 15:18:25 log cocos2d: warning: Attribute not found: a_normal
_07-25-2018_ 15:18:25 log cocos2d: warning: Attribute not found: a_normal
_07-25-2018_ 15:18:25 log cocos2d: warning: Attribute not found: a_normal
_07-25-2018_ 15:18:25 log cocos2d: warning: Attribute not found: a_normal
_07-25-2018_ 15:18:25 log cocos2d: warning: Attribute not found: a_normal
_07-25-2018_ 15:18:25 log cocos2d: warning: Attribute not found: a_normal
_07-25-2018_ 15:18:25 log cocos2d: warning: Attribute not found: a_normal
_07-25-2018_ 15:18:25 log cocos2d: warning: Attribute not found: a_normal
_07-25-2018_ 15:18:25 log cocos2d: warning: Attribute not found: a_normal
_07-25-2018_ 15:18:25 log cocos2d: warning: Attribute not found: a_normal
_07-25-2018_ 15:18:25 log cocos2d: warning: Attribute not found: a_normal
_07-25-2018_ 15:18:25 log cocos2d: warning: Attribute not found: a_normal
_07-25-2018_ 15:18:25 log cocos2d: warning: Attribute not found: a_normal
_07-25-2018_ 15:18:25 log cocos2d: warning: Attribute not found: a_normal
_07-25-2018_ 15:18:25 log cocos2d: warning: Attribute not found: a_normal
_07-25-2018_ 15:18:25 log cocos2d: warning: Attribute not found: a_normal
_07-25-2018_ 15:18:25 log cocos2d: warning: Attribute not found: a_normal
_07-25-2018_ 15:18:25 log cocos2d: warning: Attribute not found: a_normal
_07-25-2018_ 15:18:25 log cocos2d: warning: Attribute not found: a_normal
_07-25-2018_ 15:18:25 log cocos2d: warning: Attribute not found: a_normal
_07-25-2018_ 15:18:25 log cocos2d: warning: Attribute not found: a_normal
_07-25-2018_ 15:18:25 log cocos2d: warning: Attribute not found: a_normal
_07-25-2018_ 15:18:25 log cocos2d: warning: Attribute not found: a_normal
_07-25-2018_ 15:18:25 log cocos2d: warning: Attribute not found: a_normal
_07-25-2018_ 15:18:25 log cocos2d: warning: Attribute not found: a_normal
_07-25-2018_ 15:18:25 log cocos2d: warning: Attribute not found: a_normal
_07-25-2018_ 15:18:25 log cocos2d: warning: Attribute not found: a_normal
_07-25-2018_ 15:18:25 log cocos2d: warning: Attribute not found: a_normal
_07-25-2018_ 15:18:25 log cocos2d: warning: Attribute not found: a_normal
_07-25-2018_ 15:18:25 log cocos2d: warning: Attribute not found: a_normal
_07-25-2018_ 15:18:25 log cocos2d: warning: Attribute not found: a_normal
_07-25-2018_ 15:18:25 log cocos2d: warning: Attribute not found: a_normal
_07-25-2018_ 15:18:25 log cocos2d: warning: Attribute not found: a_normal
_07-25-2018_ 15:18:25 log cocos2d: warning: Attribute not found: a_normal
_07-25-2018_ 15:18:25 log [LUA] [INFO] <[string "src/app/core/TimeCount.lua"]:16: in function 'stop'> Desk3DUI:initAsync used time:424ms
_07-25-2018_ 15:18:26 log [LUA] [INFO] <[string "src/app/logic/deskManager.lua"]:122: in function 'enterAsync'> deskManager.enterAsync
_07-25-2018_ 15:18:26 log [LUA] [INFO] <[string "src/app/logic/deskManager.lua"]:122: in function 'enterAsync'> deskManager.enterAsync
_07-25-2018_ 15:18:26 log cocos2d: warning: Attribute not found: a_normal
_07-25-2018_ 15:18:26 log cocos2d: warning: Attribute not found: a_normal
_07-25-2018_ 15:18:26 log [LUA] [INFO] <[string "src/app/core/TimeCount.lua"]:16: in function 'stop'> Desk3DUI:initAsync used time:367ms
_07-25-2018_ 15:18:26 log [LUA] [INFO] <[string "src/app/core/TimeCount.lua"]:16: in function 'stop'> onCreate: used time:1536ms
_07-25-2018_ 15:18:26 log [LUA] [INFO] <[string "src/app/logic/deskManager.lua"]:122: in function 'enterAsync'> deskManager.enterAsync
_07-25-2018_ 15:18:26 log [LUA] RESOURCE_FILENAME： layout/desk_background.csb
_07-25-2018_ 15:18:26 log [LUA] RESOURCE_FILENAME： layout/desk_head.csb
_07-25-2018_ 15:18:26 log [LUA] [INFO] <[string "src/framework/cocos/framework/components/event.lua"]:46: in function 'addEventListener'> table: 0x0aa40618 [Event] addEventListener() - event: PLAYERDATA_HEADICON_CHANGED, handle: 8, tag: ""
_07-25-2018_ 15:18:26 log [LUA] [INFO] <[string "src/framework/cocos/framework/components/event.lua"]:46: in function 'addEventListener'> table: 0x0aa40618 [Event] addEventListener() - event: PLAYERDATA_SCORE_CHANGED, handle: 9, tag: ""
_07-25-2018_ 15:18:26 log [LUA] [INFO] <[string "src/framework/cocos/framework/components/event.lua"]:46: in function 'addEventListener'> table: 0x0aa40618 [Event] addEventListener() - event: DESK_HEADUI_DETAIL_INFOMATION, handle: 10, tag: ""
_07-25-2018_ 15:18:26 log [LUA] [INFO] <[string "src/framework/cocos/framework/components/event.lua"]:46: in function 'addEventListener'> table: 0x0aa40618 [Event] addEventListener() - event: DESK_HEADUI_OFFLINE_STATUS_CHANGE, handle: 11, tag: ""
_07-25-2018_ 15:18:26 log [LUA] [INFO] <[string "src/framework/cocos/framework/components/event.lua"]:46: in function 'addEventListener'> table: 0x0aa40618 [Event] addEventListener() - event: DESK_MAKER_CHANGED, handle: 12, tag: ""
_07-25-2018_ 15:18:26 log [LUA] [INFO] <[string "src/app/logic/deskManager.lua"]:122: in function 'enterAsync'> deskManager.enterAsync
_07-25-2018_ 15:18:26 log [LUA] RESOURCE_FILENAME： layout/desk_head.csb
_07-25-2018_ 15:18:26 log [LUA] [INFO] <[string "src/framework/cocos/framework/components/event.lua"]:46: in function 'addEventListener'> table: 0x0aa40618 [Event] addEventListener() - event: PLAYERDATA_HEADICON_CHANGED, handle: 13, tag: ""
_07-25-2018_ 15:18:26 log [LUA] [INFO] <[string "src/framework/cocos/framework/components/event.lua"]:46: in function 'addEventListener'> table: 0x0aa40618 [Event] addEventListener() - event: PLAYERDATA_SCORE_CHANGED, handle: 14, tag: ""
_07-25-2018_ 15:18:26 log [LUA] [INFO] <[string "src/framework/cocos/framework/components/event.lua"]:46: in function 'addEventListener'> table: 0x0aa40618 [Event] addEventListener() - event: DESK_HEADUI_DETAIL_INFOMATION, handle: 15, tag: ""
_07-25-2018_ 15:18:26 log [LUA] [INFO] <[string "src/framework/cocos/framework/components/event.lua"]:46: in function 'addEventListener'> table: 0x0aa40618 [Event] addEventListener() - event: DESK_HEADUI_OFFLINE_STATUS_CHANGE, handle: 16, tag: ""
_07-25-2018_ 15:18:26 log [LUA] [INFO] <[string "src/framework/cocos/framework/components/event.lua"]:46: in function 'addEventListener'> table: 0x0aa40618 [Event] addEventListener() - event: DESK_MAKER_CHANGED, handle: 17, tag: ""
_07-25-2018_ 15:18:26 log [LUA] RESOURCE_FILENAME： layout/desk_head.csb
_07-25-2018_ 15:18:26 log [LUA] [INFO] <[string "src/framework/cocos/framework/components/event.lua"]:46: in function 'addEventListener'> table: 0x0aa40618 [Event] addEventListener() - event: PLAYERDATA_HEADICON_CHANGED, handle: 18, tag: ""
_07-25-2018_ 15:18:26 log [LUA] [INFO] <[string "src/framework/cocos/framework/components/event.lua"]:46: in function 'addEventListener'> table: 0x0aa40618 [Event] addEventListener() - event: PLAYERDATA_SCORE_CHANGED, handle: 19, tag: ""
_07-25-2018_ 15:18:26 log [LUA] [INFO] <[string "src/framework/cocos/framework/components/event.lua"]:46: in function 'addEventListener'> table: 0x0aa40618 [Event] addEventListener() - event: DESK_HEADUI_DETAIL_INFOMATION, handle: 20, tag: ""
_07-25-2018_ 15:18:26 log [LUA] [INFO] <[string "src/framework/cocos/framework/components/event.lua"]:46: in function 'addEventListener'> table: 0x0aa40618 [Event] addEventListener() - event: DESK_HEADUI_OFFLINE_STATUS_CHANGE, handle: 21, tag: ""
_07-25-2018_ 15:18:26 log [LUA] [INFO] <[string "src/framework/cocos/framework/components/event.lua"]:46: in function 'addEventListener'> table: 0x0aa40618 [Event] addEventListener() - event: DESK_MAKER_CHANGED, handle: 22, tag: ""
_07-25-2018_ 15:18:26 log [LUA] [INFO] <[string "src/app/logic/deskManager.lua"]:122: in function 'enterAsync'> deskManager.enterAsync
_07-25-2018_ 15:18:26 log [LUA] RESOURCE_FILENAME： layout/desk_head.csb
_07-25-2018_ 15:18:26 log [LUA] [INFO] <[string "src/framework/cocos/framework/components/event.lua"]:46: in function 'addEventListener'> table: 0x0aa40618 [Event] addEventListener() - event: PLAYERDATA_HEADICON_CHANGED, handle: 23, tag: ""
_07-25-2018_ 15:18:26 log [LUA] [INFO] <[string "src/framework/cocos/framework/components/event.lua"]:46: in function 'addEventListener'> table: 0x0aa40618 [Event] addEventListener() - event: PLAYERDATA_SCORE_CHANGED, handle: 24, tag: ""
_07-25-2018_ 15:18:26 log [LUA] [INFO] <[string "src/framework/cocos/framework/components/event.lua"]:46: in function 'addEventListener'> table: 0x0aa40618 [Event] addEventListener() - event: DESK_HEADUI_DETAIL_INFOMATION, handle: 25, tag: ""
_07-25-2018_ 15:18:26 log [LUA] [INFO] <[string "src/framework/cocos/framework/components/event.lua"]:46: in function 'addEventListener'> table: 0x0aa40618 [Event] addEventListener() - event: DESK_HEADUI_OFFLINE_STATUS_CHANGE, handle: 26, tag: ""
_07-25-2018_ 15:18:26 log [LUA] [INFO] <[string "src/framework/cocos/framework/components/event.lua"]:46: in function 'addEventListener'> table: 0x0aa40618 [Event] addEventListener() - event: DESK_MAKER_CHANGED, handle: 27, tag: ""
_07-25-2018_ 15:18:26 log [LUA] [INFO] <[string "src/app/core/TimeCount.lua"]:16: in function 'stop'> onCreate: used time:296ms
_07-25-2018_ 15:18:26 log [LUA] [INFO] <[string "src/app/logic/deskManager.lua"]:122: in function 'enterAsync'> deskManager.enterAsync
_07-25-2018_ 15:18:26 log [LUA] RESOURCE_FILENAME： layout/que_choose.csb
_07-25-2018_ 15:18:26 log [LUA] [INFO] <[string "src/app/core/TimeCount.lua"]:16: in function 'stop'> onCreate: used time:127.00000762939ms
_07-25-2018_ 15:18:26 log [LUA] [INFO] <[string "src/app/logic/deskManager.lua"]:122: in function 'enterAsync'> deskManager.enterAsync
_07-25-2018_ 15:18:27 log [LUA] [INFO] <[string "src/app/core/TimeCount.lua"]:16: in function 'stop'> onCreate: used time:220ms
_07-25-2018_ 15:18:27 log [LUA] [INFO] <[string "src/app/logic/deskManager.lua"]:122: in function 'enterAsync'> deskManager.enterAsync
_07-25-2018_ 15:18:27 log [LUA] [INFO] <[string "src/app/logic/deskManager.lua"]:122: in function 'enterAsync'> deskManager.enterAsync
_07-25-2018_ 15:18:27 log [LUA] [INFO] <[string "src/app/logic/deskManager.lua"]:122: in function 'enterAsync'> deskManager.enterAsync
_07-25-2018_ 15:18:27 log [LUA] [INFO] <[string "src/app/logic/deskManager.lua"]:122: in function 'enterAsync'> deskManager.enterAsync
_07-25-2018_ 15:18:27 log [LUA] [INFO] <[string "src/app/logic/deskManager.lua"]:122: in function 'enterAsync'> deskManager.enterAsync
_07-25-2018_ 15:18:27 log [LUA] [INFO] <[string "src/app/logic/deskManager.lua"]:122: in function 'enterAsync'> deskManager.enterAsync
_07-25-2018_ 15:18:27 log [LUA] [INFO] <[string "src/app/logic/deskManager.lua"]:122: in function 'enterAsync'> deskManager.enterAsync
_07-25-2018_ 15:18:27 log [LUA] [INFO] <[string "src/app/core/TimeCount.lua"]:16: in function 'stop'> onCreate: used time:599ms
_07-25-2018_ 15:18:27 log [LUA] HTTP RESPONSE:	"pong"

_07-25-2018_ 15:18:27 log [LUA] [INFO] <[string "src/app/logic/deskManager.lua"]:122: in function 'enterAsync'> deskManager.enterAsync
_07-25-2018_ 15:18:27 log [LUA] [INFO] <[string "src/framework/cocos/framework/components/event.lua"]:46: in function 'addEventListener'> table: 0x0aa40618 [Event] addEventListener() - event: APPLICATION_STATUS_CHANGE, handle: 28, tag: ""
_07-25-2018_ 15:18:27 log [LUA] =====mode=======	3
_07-25-2018_ 15:18:27 log [LUA] [INFO] <[string "src/app/network/NetworkManager.lua"]:368: in function 'notify'> C====>S: Route=DeskManager.ClientInitCompleted, Data={"isReenter":false}
_07-25-2018_ 15:18:27 log [LUA] [INFO] <[string "src/app/network/NetworkManager.lua"]:368: in function 'notify'> C====>S: Route=DeskManager.Ready, Data=[]
_07-25-2018_ 15:18:28 log [LUA] [INFO] <[string "src/app/network/NetworkManager.lua"]:139: in function 'process'> S===>C: {"type":3,"route":"onPlayerEnter","data":{"data":[{"acId":1000000,"nickname":"G1000000","headURL":"http://wx.qlogo.cn/mmopen/s962LEwpLxhQSOnarDnceXjSxVGaibMRsvRM4EIWic0U6fQdkpqz4Vr8XS8D81QKfyYuwjwm2M2ibsFY8mia8ic51ww/0","offline":false,"ip":"127.0.0.1","isReady":false,"deskPos":0,"isExit":false,"sex":1,"score":1000}]}}
_07-25-2018_ 15:18:28 log [LUA] [INFO] <[string "src/app/logic/deskManager.lua"]:435: in function 'setPlayerData'> setPlayerData: 1
_07-25-2018_ 15:18:28 log [LUA] [INFO] <[string "src/app/logic/deskManager.lua"]:83: in function 'onEnterTable'> deskManager.onEnterTable: <var> = 0
_07-25-2018_ 15:18:28 log [LUA] [INFO] <[string "src/app/network/NetworkManager.lua"]:139: in function 'process'> S===>C: {"type":3,"route":"onPlayerEnter","data":{"data":[{"acId":1000000,"nickname":"G1000000","headURL":"http://wx.qlogo.cn/mmopen/s962LEwpLxhQSOnarDnceXjSxVGaibMRsvRM4EIWic0U6fQdkpqz4Vr8XS8D81QKfyYuwjwm2M2ibsFY8mia8ic51ww/0","offline":false,"ip":"127.0.0.1","isReady":true,"deskPos":0,"isExit":false,"sex":1,"score":1000}]}}
_07-25-2018_ 15:18:28 log [LUA] [INFO] <[string "src/app/logic/deskManager.lua"]:435: in function 'setPlayerData'> setPlayerData: 1
_07-25-2018_ 15:18:28 log [LUA] [INFO] <[string "src/app/logic/deskManager.lua"]:83: in function 'onEnterTable'> deskManager.onEnterTable: <var> = 0
_07-25-2018_ 15:18:37 log [LUA] HTTP RESPONSE:	"pong"

_07-25-2018_ 15:18:47 log [LUA] HTTP RESPONSE:	"pong"

_07-25-2018_ 15:18:57 log [LUA] HTTP RESPONSE:	"pong"

